<?xml version="1.0" encoding="UTF-8"?>
<!-- Generated by org.testng.reporters.JUnitReportReporter -->
<testsuite skipped="0" hostname="Manika-Jain-Mac.local" name="com.nearbuy.qa.testcases.SerachTest" tests="1" failures="0" timestamp="10 Apr 2019 10:45:45 GMT" time="23.182" errors="0">
  <testcase name="serachTest" time="23.182" classname="com.nearbuy.qa.testcases.SerachTest"/>
</testsuite> <!-- com.nearbuy.qa.testcases.SerachTest -->
